# JRE version: Java(TM) SE Runtime Environment (17.0.8+9) (build 17.0.8+9-LTS-211)
# Java VM: Java HotSpot(TM) 64-Bit Server VM (17.0.8+9-LTS-211, mixed mode, sharing, tiered, compressed oops, compressed class ptrs, g1 gc, windows-amd64)
GC Precious Log:
 CPUs: 16 total, 16 available
 Memory: 32543M
 Large Page Support: Disabled
 NUMA Support: Disabled
 Compressed Oops: Enabled (Zero based)
 Heap Region Size: 4M
 Heap Min Capacity: 8M
 Heap Initial Capacity: 512M
 Heap Max Capacity: 8136M
 Pre-touch: Disabled
 Parallel Workers: 13
 Concurrent Workers: 3
 Concurrent Refinement Workers: 13
 Periodic GC: Disabled
Heap:
 garbage-first heap   total 81920K, used 44307K [0x0000000603800000, 0x0000000800000000)
  region size 4096K, 5 young (20480K), 1 survivors (4096K)
 Metaspace       used 63167K, committed 63744K, reserved 1114112K
  class space    used 8615K, committed 8896K, reserved 1048576K
GC Heap History (20 events):
Event: 4.972 GC heap before
{Heap before GC invocations=5 (full 0):
 garbage-first heap   total 81920K, used 53832K [0x0000000603800000, 0x0000000800000000)
  region size 4096K, 12 young (49152K), 2 survivors (8192K)
 Metaspace       used 26837K, committed 27200K, reserved 1114112K
  class space    used 3441K, committed 3584K, reserved 1048576K
}
Event: 4.982 GC heap after
{Heap after GC invocations=6 (full 0):
 garbage-first heap   total 81920K, used 19497K [0x0000000603800000, 0x0000000800000000)
  region size 4096K, 2 young (8192K), 2 survivors (8192K)
 Metaspace       used 26837K, committed 27200K, reserved 1114112K
  class space    used 3441K, committed 3584K, reserved 1048576K
}
Event: 5.091 GC heap before
{Heap before GC invocations=6 (full 0):
 garbage-first heap   total 81920K, used 23593K [0x0000000603800000, 0x0000000800000000)
  region size 4096K, 3 young (12288K), 2 survivors (8192K)
 Metaspace       used 27142K, committed 27520K, reserved 1114112K
  class space    used 3485K, committed 3648K, reserved 1048576K
}
Event: 5.098 GC heap after
{Heap after GC invocations=7 (full 0):
 garbage-first heap   total 81920K, used 20140K [0x0000000603800000, 0x0000000800000000)
  region size 4096K, 1 young (4096K), 1 survivors (4096K)
 Metaspace       used 27142K, committed 27520K, reserved 1114112K
  class space    used 3485K, committed 3648K, reserved 1048576K
}
Event: 6.147 GC heap before
{Heap before GC invocations=7 (full 0):
 garbage-first heap   total 81920K, used 52908K [0x0000000603800000, 0x0000000800000000)
  region size 4096K, 9 young (36864K), 1 survivors (4096K)
 Metaspace       used 32298K, committed 32704K, reserved 1114112K
  class space    used 4177K, committed 4352K, reserved 1048576K
}
Event: 6.155 GC heap after
{Heap after GC invocations=8 (full 0):
 garbage-first heap   total 81920K, used 22373K [0x0000000603800000, 0x0000000800000000)
  region size 4096K, 1 young (4096K), 1 survivors (4096K)
 Metaspace       used 32298K, committed 32704K, reserved 1114112K
  class space    used 4177K, committed 4352K, reserved 1048576K
}
Event: 7.483 GC heap before
{Heap before GC invocations=8 (full 0):
 garbage-first heap   total 81920K, used 46949K [0x0000000603800000, 0x0000000800000000)
  region size 4096K, 8 young (32768K), 1 survivors (4096K)
 Metaspace       used 35664K, committed 36096K, reserved 1114112K
  class space    used 4594K, committed 4800K, reserved 1048576K
}
Event: 7.489 GC heap after
{Heap after GC invocations=9 (full 0):
 garbage-first heap   total 81920K, used 23949K [0x0000000603800000, 0x0000000800000000)
  region size 4096K, 2 young (8192K), 2 survivors (8192K)
 Metaspace       used 35664K, committed 36096K, reserved 1114112K
  class space    used 4594K, committed 4800K, reserved 1048576K
}
Event: 9.253 GC heap before
{Heap before GC invocations=10 (full 0):
 garbage-first heap   total 81920K, used 56717K [0x0000000603800000, 0x0000000800000000)
  region size 4096K, 10 young (40960K), 2 survivors (8192K)
 Metaspace       used 42269K, committed 42688K, reserved 1114112K
  class space    used 5611K, committed 5824K, reserved 1048576K
}
Event: 9.259 GC heap after
{Heap after GC invocations=11 (full 0):
 garbage-first heap   total 81920K, used 25807K [0x0000000603800000, 0x0000000800000000)
  region size 4096K, 1 young (4096K), 1 survivors (4096K)
 Metaspace       used 42269K, committed 42688K, reserved 1114112K
  class space    used 5611K, committed 5824K, reserved 1048576K
}
Event: 10.195 GC heap before
{Heap before GC invocations=11 (full 0):
 garbage-first heap   total 81920K, used 54479K [0x0000000603800000, 0x0000000800000000)
  region size 4096K, 9 young (36864K), 1 survivors (4096K)
 Metaspace       used 50631K, committed 51072K, reserved 1114112K
  class space    used 6672K, committed 6848K, reserved 1048576K
}
Event: 10.200 GC heap after
{Heap after GC invocations=12 (full 0):
 garbage-first heap   total 81920K, used 28558K [0x0000000603800000, 0x0000000800000000)
  region size 4096K, 2 young (8192K), 2 survivors (8192K)
 Metaspace       used 50631K, committed 51072K, reserved 1114112K
  class space    used 6672K, committed 6848K, reserved 1048576K
}
Event: 11.066 GC heap before
{Heap before GC invocations=12 (full 0):
 garbage-first heap   total 81920K, used 53134K [0x0000000603800000, 0x0000000800000000)
  region size 4096K, 9 young (36864K), 2 survivors (8192K)
 Metaspace       used 58790K, committed 59264K, reserved 1114112K
  class space    used 8009K, committed 8192K, reserved 1048576K
}
Event: 11.074 GC heap after
{Heap after GC invocations=13 (full 0):
 garbage-first heap   total 81920K, used 30043K [0x0000000603800000, 0x0000000800000000)
  region size 4096K, 2 young (8192K), 2 survivors (8192K)
 Metaspace       used 58790K, committed 59264K, reserved 1114112K
  class space    used 8009K, committed 8192K, reserved 1048576K
}
Event: 11.435 GC heap before
{Heap before GC invocations=13 (full 0):
 garbage-first heap   total 81920K, used 38235K [0x0000000603800000, 0x0000000800000000)
  region size 4096K, 5 young (20480K), 2 survivors (8192K)
 Metaspace       used 59794K, committed 60288K, reserved 1114112K
  class space    used 8096K, committed 8384K, reserved 1048576K
}
Event: 11.439 GC heap after
{Heap after GC invocations=14 (full 0):
 garbage-first heap   total 81920K, used 30697K [0x0000000603800000, 0x0000000800000000)
  region size 4096K, 2 young (8192K), 2 survivors (8192K)
 Metaspace       used 59794K, committed 60288K, reserved 1114112K
  class space    used 8096K, committed 8384K, reserved 1048576K
}
Event: 12.553 GC heap before
{Heap before GC invocations=15 (full 0):
 garbage-first heap   total 81920K, used 59369K [0x0000000603800000, 0x0000000800000000)
  region size 4096K, 9 young (36864K), 2 survivors (8192K)
 Metaspace       used 61956K, committed 62464K, reserved 1114112K
  class space    used 8464K, committed 8704K, reserved 1048576K
}
Event: 12.559 GC heap after
{Heap after GC invocations=16 (full 0):
 garbage-first heap   total 81920K, used 32688K [0x0000000603800000, 0x0000000800000000)
  region size 4096K, 2 young (8192K), 2 survivors (8192K)
 Metaspace       used 61956K, committed 62464K, reserved 1114112K
  class space    used 8464K, committed 8704K, reserved 1048576K
}
Event: 12.719 GC heap before
{Heap before GC invocations=16 (full 0):
 garbage-first heap   total 81920K, used 36784K [0x0000000603800000, 0x0000000800000000)
  region size 4096K, 3 young (12288K), 2 survivors (8192K)
 Metaspace       used 62158K, committed 62720K, reserved 1114112K
  class space    used 8496K, committed 8768K, reserved 1048576K
}
Event: 12.728 GC heap after
{Heap after GC invocations=17 (full 0):
 garbage-first heap   total 81920K, used 32019K [0x0000000603800000, 0x0000000800000000)
  region size 4096K, 1 young (4096K), 1 survivors (4096K)
 Metaspace       used 62158K, committed 62720K, reserved 1114112K
  class space    used 8496K, committed 8768K, reserved 1048576K
}

